0 info it worked if it ends with ok
1 verbose cli [ '/home/byronlun/.nvm/versions/node/v5.7.1/bin/node',
1 verbose cli   '/home/byronlun/.nvm/versions/node/v5.7.1/bin/npm',
1 verbose cli   'start' ]
2 info using npm@3.6.0
3 info using node@v5.7.1
4 verbose run-script [ 'prestart', 'start', 'poststart' ]
5 info lifecycle whiteboard@1.0.0~prestart: whiteboard@1.0.0
6 silly lifecycle whiteboard@1.0.0~prestart: no script for prestart, continuing
7 info lifecycle whiteboard@1.0.0~start: whiteboard@1.0.0
8 verbose lifecycle whiteboard@1.0.0~start: unsafe-perm in lifecycle true
9 verbose lifecycle whiteboard@1.0.0~start: PATH: /home/byronlun/.nvm/versions/node/v5.7.1/lib/node_modules/npm/bin/node-gyp-bin:/home/byronlun/frontend/js/javascript/canvas/electronicWhiteboard/node_modules/.bin:/home/byronlun/.nvm/versions/node/v5.7.1/bin:/home/byronlun/.rvm/gems/ruby-2.3.0/bin:/home/byronlun/.rvm/gems/ruby-2.3.0@global/bin:/home/byronlun/.rvm/rubies/ruby-2.3.0/bin:/usr/local/sbin:/usr/local/bin:/usr/sbin:/usr/bin:/sbin:/bin:/usr/games:/usr/local/games:/home/byronlun/.rvm/bin:/home/byronlun/.rvm/bin
10 verbose lifecycle whiteboard@1.0.0~start: CWD: /home/byronlun/frontend/js/javascript/canvas/electronicWhiteboard
11 silly lifecycle whiteboard@1.0.0~start: Args: [ '-c', 'node app.js' ]
12 silly lifecycle whiteboard@1.0.0~start: Returned: code: 1  signal: null
13 info lifecycle whiteboard@1.0.0~start: Failed to exec start script
14 verbose stack Error: whiteboard@1.0.0 start: `node app.js`
14 verbose stack Exit status 1
14 verbose stack     at EventEmitter.<anonymous> (/home/byronlun/.nvm/versions/node/v5.7.1/lib/node_modules/npm/lib/utils/lifecycle.js:232:16)
14 verbose stack     at emitTwo (events.js:100:13)
14 verbose stack     at EventEmitter.emit (events.js:185:7)
14 verbose stack     at ChildProcess.<anonymous> (/home/byronlun/.nvm/versions/node/v5.7.1/lib/node_modules/npm/lib/utils/spawn.js:24:14)
14 verbose stack     at emitTwo (events.js:100:13)
14 verbose stack     at ChildProcess.emit (events.js:185:7)
14 verbose stack     at maybeClose (internal/child_process.js:827:16)
14 verbose stack     at Process.ChildProcess._handle.onexit (internal/child_process.js:211:5)
15 verbose pkgid whiteboard@1.0.0
16 verbose cwd /home/byronlun/frontend/js/javascript/canvas/electronicWhiteboard
17 error Linux 3.19.0-25-generic
18 error argv "/home/byronlun/.nvm/versions/node/v5.7.1/bin/node" "/home/byronlun/.nvm/versions/node/v5.7.1/bin/npm" "start"
19 error node v5.7.1
20 error npm  v3.6.0
21 error code ELIFECYCLE
22 error whiteboard@1.0.0 start: `node app.js`
22 error Exit status 1
23 error Failed at the whiteboard@1.0.0 start script 'node app.js'.
23 error Make sure you have the latest version of node.js and npm installed.
23 error If you do, this is most likely a problem with the whiteboard package,
23 error not with npm itself.
23 error Tell the author that this fails on your system:
23 error     node app.js
23 error You can get information on how to open an issue for this project with:
23 error     npm bugs whiteboard
23 error Or if that isn't available, you can get their info via:
23 error     npm owner ls whiteboard
23 error There is likely additional logging output above.
24 verbose exit [ 1, true ]
